2025-04-05 04:50:36,668 - INFO - 🔥 Логгер инициализирован успешно. Лог-файл: C:\Users\ivant\OneDrive\Документы\botproject\bot.log
2025-04-05 04:50:38,757 - INFO - Бот запущен и готов к работе!
2025-04-05 04:50:39,052 - INFO - Application started
2025-04-05 04:50:58,496 - ERROR - No error handlers are registered, logging exception.
Traceback (most recent call last):
  File "C:\Python313\Lib\site-packages\telegram\ext\_application.py", line 1124, in process_update
    await coroutine
  File "C:\Python313\Lib\site-packages\telegram\ext\_handler.py", line 141, in handle_update
    return await self.callback(update, context)
           ^^^^^^^^^^^^^^^^^^^^^^^^^^^^^^^^^^^^
  File "C:\Users\ivant\OneDrive\Документы\botproject\grokcian.py", line 275, in handle_callback
    await table_command(update, context)
  File "C:\Users\ivant\OneDrive\Документы\botproject\grokcian.py", line 240, in table_command
    start_row = max(1, len(values) - 4) if "full" not in args else 1
                                           ^^^^^^^^^^^^^^^^^^
TypeError: argument of type 'NoneType' is not iterable
2025-04-05 04:52:20,816 - INFO - Бот получил ссылку: https://spb.cian.ru/sale/flat/315319293/
2025-04-05 04:52:21,698 - INFO - Загружаю начальную страницу ЦИАН...
2025-04-05 04:52:30,173 - INFO - ✅ Куки подставлены в браузер
2025-04-05 04:52:30,173 - INFO - Загружаю страницу: https://spb.cian.ru/sale/flat/315319293/
2025-04-05 04:52:32,627 - INFO - Страница загружена, начинаю парсинг...
2025-04-05 04:53:08,193 - INFO - Бот получил ссылку: https://spb.cian.ru/sale/flat/314838967/
2025-04-05 04:53:09,067 - INFO - Загружаю начальную страницу ЦИАН...
2025-04-05 04:53:10,170 - INFO - ✅ Куки подставлены в браузер
2025-04-05 04:53:10,170 - INFO - Загружаю страницу: https://spb.cian.ru/sale/flat/314838967/
2025-04-05 04:53:12,725 - INFO - Страница загружена, начинаю парсинг...
2025-04-05 04:53:45,448 - INFO - Бот получил ссылку: https://www.avito.ru/sankt-peterburg/kvartiry/1-k._kvartira_385_m_916_et._7263550267?context=H4sIAAAAAAAA_wE_AMD_YToyOntzOjEzOiJsb2NhbFByaW9yaXR5IjtiOjA7czoxOiJ4IjtzOjE2OiJ0MzhMcjdBN3BhaEE0UGFJIjt9-oKYuz8AAAA
2025-04-05 04:53:46,298 - INFO - Загружаю страницу: https://www.avito.ru/sankt-peterburg/kvartiry/1-k._kvartira_385_m_916_et._7263550267?context=H4sIAAAAAAAA_wE_AMD_YToyOntzOjEzOiJsb2NhbFByaW9yaXR5IjtiOjA7czoxOiJ4IjtzOjE2OiJ0MzhMcjdBN3BhaEE0UGFJIjt9-oKYuz8AAAA
2025-04-05 04:54:17,685 - WARNING - Адрес не найден за 30 секунд, пробую заголовок: Page.wait_for_selector: Timeout 30000ms exceeded.
Call log:
  - waiting for locator("[class^='style-item-address__string']") to be visible

2025-04-05 04:54:27,776 - ERROR - No error handlers are registered, logging exception.
Traceback (most recent call last):
  File "C:\Python313\Lib\site-packages\telegram\ext\_application.py", line 1124, in process_update
    await coroutine
  File "C:\Python313\Lib\site-packages\telegram\ext\_handler.py", line 141, in handle_update
    return await self.callback(update, context)
           ^^^^^^^^^^^^^^^^^^^^^^^^^^^^^^^^^^^^
  File "C:\Users\ivant\OneDrive\Документы\botproject\grokcian.py", line 288, in handle_message
    data = await parse_avito_playwright(url)
           ^^^^^^^^^^^^^^^^^^^^^^^^^^^^^^^^^
  File "C:\Users\ivant\OneDrive\Документы\botproject\grokcian.py", line 140, in parse_avito_playwright
    await page.wait_for_selector("h1", timeout=10000)
  File "C:\Users\ivant\AppData\Roaming\Python\Python313\site-packages\playwright\async_api\_generated.py", line 8176, in wait_for_selector
    await self._impl_obj.wait_for_selector(
        selector=selector, timeout=timeout, state=state, strict=strict
    )
  File "C:\Users\ivant\AppData\Roaming\Python\Python313\site-packages\playwright\_impl\_page.py", line 425, in wait_for_selector
    return await self._main_frame.wait_for_selector(**locals_to_params(locals()))
           ^^^^^^^^^^^^^^^^^^^^^^^^^^^^^^^^^^^^^^^^^^^^^^^^^^^^^^^^^^^^^^^^^^^^^^
  File "C:\Users\ivant\AppData\Roaming\Python\Python313\site-packages\playwright\_impl\_frame.py", line 323, in wait_for_selector
    await self._channel.send("waitForSelector", locals_to_params(locals()))
  File "C:\Users\ivant\AppData\Roaming\Python\Python313\site-packages\playwright\_impl\_connection.py", line 61, in send
    return await self._connection.wrap_api_call(
           ^^^^^^^^^^^^^^^^^^^^^^^^^^^^^^^^^^^^^
    ...<2 lines>...
    )
    ^
  File "C:\Users\ivant\AppData\Roaming\Python\Python313\site-packages\playwright\_impl\_connection.py", line 528, in wrap_api_call
    raise rewrite_error(error, f"{parsed_st['apiName']}: {error}") from None
playwright._impl._errors.TimeoutError: Page.wait_for_selector: Timeout 10000ms exceeded.
Call log:
  - waiting for locator("h1") to be visible

2025-04-05 15:05:36,200 - INFO - 🔥 Логгер инициализирован успешно. Лог-файл: C:\Users\ivant\OneDrive\Документы\botproject\bot.log
2025-04-05 15:05:38,436 - INFO - Бот запущен и готов к работе!
2025-04-05 15:05:38,852 - INFO - Application started
2025-04-05 15:06:19,050 - INFO - Бот получил ссылку: https://www.avito.ru/sankt-peterburg/kvartiry/1-k._kvartira_385_m_916_et._7263550267?context=H4sIAAAAAAAA_wE_AMD_YToyOntzOjEzOiJsb2NhbFByaW9yaXR5IjtiOjA7czoxOiJ4IjtzOjE2OiJ0MzhMcjdBN3BhaEE0UGFJIjt9-oKYuz8AAAA
2025-04-05 15:06:26,400 - INFO - Загружаю начальную страницу Avito...
2025-04-05 15:06:35,983 - WARNING - ❌ Не удалось загрузить куки для Avito: BrowserContext.add_cookies: cookies[0]: expected object, got string
2025-04-05 15:06:35,984 - INFO - Загружаю страницу: https://www.avito.ru/sankt-peterburg/kvartiry/1-k._kvartira_385_m_916_et._7263550267?context=H4sIAAAAAAAA_wE_AMD_YToyOntzOjEzOiJsb2NhbFByaW9yaXR5IjtiOjA7czoxOiJ4IjtzOjE2OiJ0MzhMcjdBN3BhaEE0UGFJIjt9-oKYuz8AAAA
2025-04-05 15:07:06,293 - WARNING - Адрес не найден за 30 секунд, пробую заголовок: Page.wait_for_selector: Timeout 30000ms exceeded.
Call log:
  - waiting for locator("[class^='style-item-address__string']") to be visible

2025-04-05 15:07:16,372 - ERROR - No error handlers are registered, logging exception.
Traceback (most recent call last):
  File "C:\Python313\Lib\site-packages\telegram\ext\_application.py", line 1124, in process_update
    await coroutine
  File "C:\Python313\Lib\site-packages\telegram\ext\_handler.py", line 141, in handle_update
    return await self.callback(update, context)
           ^^^^^^^^^^^^^^^^^^^^^^^^^^^^^^^^^^^^
  File "C:\Users\ivant\OneDrive\Документы\botproject\grokcian.py", line 302, in handle_message
    data = await parse_avito_playwright(url)
           ^^^^^^^^^^^^^^^^^^^^^^^^^^^^^^^^^
  File "C:\Users\ivant\OneDrive\Документы\botproject\grokcian.py", line 155, in parse_avito_playwright
    await page.wait_for_selector("h1", timeout=10000)
  File "C:\Users\ivant\AppData\Roaming\Python\Python313\site-packages\playwright\async_api\_generated.py", line 8176, in wait_for_selector
    await self._impl_obj.wait_for_selector(
        selector=selector, timeout=timeout, state=state, strict=strict
    )
  File "C:\Users\ivant\AppData\Roaming\Python\Python313\site-packages\playwright\_impl\_page.py", line 425, in wait_for_selector
    return await self._main_frame.wait_for_selector(**locals_to_params(locals()))
           ^^^^^^^^^^^^^^^^^^^^^^^^^^^^^^^^^^^^^^^^^^^^^^^^^^^^^^^^^^^^^^^^^^^^^^
  File "C:\Users\ivant\AppData\Roaming\Python\Python313\site-packages\playwright\_impl\_frame.py", line 323, in wait_for_selector
    await self._channel.send("waitForSelector", locals_to_params(locals()))
  File "C:\Users\ivant\AppData\Roaming\Python\Python313\site-packages\playwright\_impl\_connection.py", line 61, in send
    return await self._connection.wrap_api_call(
           ^^^^^^^^^^^^^^^^^^^^^^^^^^^^^^^^^^^^^
    ...<2 lines>...
    )
    ^
  File "C:\Users\ivant\AppData\Roaming\Python\Python313\site-packages\playwright\_impl\_connection.py", line 528, in wrap_api_call
    raise rewrite_error(error, f"{parsed_st['apiName']}: {error}") from None
playwright._impl._errors.TimeoutError: Page.wait_for_selector: Timeout 10000ms exceeded.
Call log:
  - waiting for locator("h1") to be visible

2025-04-05 15:09:41,245 - INFO - Application is stopping. This might take a moment.
2025-04-05 15:09:41,245 - INFO - Application.stop() complete
2025-04-05 15:09:41,248 - INFO - Бот завершил работу (это не должно произойти в норме)
2025-04-05 15:13:43,132 - INFO - 🔥 Логгер инициализирован успешно. Лог-файл: C:\Users\ivant\OneDrive\Документы\botproject\bot.log
2025-04-05 15:13:45,338 - INFO - Бот запущен и готов к работе!
2025-04-05 15:13:45,665 - INFO - Application started
2025-04-05 15:14:00,419 - INFO - Бот получил ссылку: https://www.avito.ru/sankt-peterburg/kvartiry/1-k._kvartira_385_m_916_et._7263550267?context=H4sIAAAAAAAA_wE_AMD_YToyOntzOjEzOiJsb2NhbFByaW9yaXR5IjtiOjA7czoxOiJ4IjtzOjE2OiJ0MzhMcjdBN3BhaEE0UGFJIjt9-oKYuz8AAAA
2025-04-05 15:14:01,344 - INFO - Загружаю начальную страницу Avito...
2025-04-05 15:14:03,184 - INFO - ✅ Куки подставлены в браузер для Avito
2025-04-05 15:14:03,185 - INFO - Загружаю страницу: https://www.avito.ru/sankt-peterburg/kvartiry/1-k._kvartira_385_m_916_et._7263550267?context=H4sIAAAAAAAA_wE_AMD_YToyOntzOjEzOiJsb2NhbFByaW9yaXR5IjtiOjA7czoxOiJ4IjtzOjE2OiJ0MzhMcjdBN3BhaEE0UGFJIjt9-oKYuz8AAAA
2025-04-05 15:14:04,239 - INFO - Страница загружена, начинаю парсинг...
2025-04-05 15:14:04,417 - INFO - Title: 1-к. квартира, 38,5 м², 9/16 эт.
2025-04-05 15:14:04,420 - INFO - Price: 6500000
2025-04-05 15:14:04,426 - INFO - Address: пр-т Авиаконструкторов, 31к1, District: None
2025-04-05 15:14:04,429 - INFO - Параметр: Количество комнат: 1
2025-04-05 15:14:04,430 - INFO - Параметр: Общая площадь: 38.5 м²
2025-04-05 15:14:04,431 - INFO - Параметр: Площадь кухни: 10.2 м²
2025-04-05 15:14:04,431 - INFO - Параметр: Жилая площадь: 19.9 м²
2025-04-05 15:14:04,432 - INFO - Параметр: Этаж: 9 из 16
2025-04-05 15:14:04,432 - INFO - Параметр: Балкон или лоджия: лоджия
2025-04-05 15:14:04,434 - INFO - Параметр: Высота потолков: 2.7 м
2025-04-05 15:14:04,434 - INFO - Параметр: Санузел: раздельный
2025-04-05 15:14:04,434 - INFO - Параметр: Окна: на улицу
2025-04-05 15:14:04,435 - INFO - Параметр: Ремонт: косметический
2025-04-05 15:14:04,436 - INFO - Параметр: Мебель: кухня, хранение одежды, спальные места
2025-04-05 15:14:04,436 - INFO - Параметр: Способ продажи: свободная
2025-04-05 15:14:04,437 - INFO - Параметр: Тип дома: панельный
2025-04-05 15:14:04,437 - INFO - Параметр: Год постройки: 1989
2025-04-05 15:14:04,438 - INFO - Параметр: Этажей в доме: 16
2025-04-05 15:14:04,439 - INFO - Параметр: Пассажирский лифт: 1
2025-04-05 15:14:04,439 - INFO - Параметр: Грузовой лифт: 1
2025-04-05 15:14:04,440 - INFO - Параметр: В доме: мусоропровод
2025-04-05 15:14:04,440 - INFO - Параметр: Двор: детская площадка, спортивная площадка
2025-04-05 15:14:04,441 - INFO - Параметр: Парковка: открытая во дворе
2025-04-05 15:14:04,441 - INFO - Area: 38.5, Year: 1989, Balcony: лоджия, Floor: 9 из 16
2025-04-05 15:16:07,882 - INFO - Бот получил ссылку: https://www.avito.ru/sankt-peterburg/kvartiry/1-k._kvartira_385_m_916_et._7263550267?context=H4sIAAAAAAAA_wE_AMD_YToyOntzOjEzOiJsb2NhbFByaW9yaXR5IjtiOjA7czoxOiJ4IjtzOjE2OiI0NUxDWHluSDVqaHVSZjNoIjt9L-fi-D8AAAA
2025-04-05 15:16:08,688 - INFO - Загружаю начальную страницу Avito...
2025-04-05 15:16:10,281 - INFO - ✅ Куки подставлены в браузер для Avito
2025-04-05 15:16:10,281 - INFO - Загружаю страницу: https://www.avito.ru/sankt-peterburg/kvartiry/1-k._kvartira_385_m_916_et._7263550267?context=H4sIAAAAAAAA_wE_AMD_YToyOntzOjEzOiJsb2NhbFByaW9yaXR5IjtiOjA7czoxOiJ4IjtzOjE2OiI0NUxDWHluSDVqaHVSZjNoIjt9L-fi-D8AAAA
2025-04-05 15:16:11,127 - INFO - Страница загружена, начинаю парсинг...
2025-04-05 15:16:11,238 - INFO - Title: 1-к. квартира, 38,5 м², 9/16 эт.
2025-04-05 15:16:11,241 - INFO - Price: 6500000
2025-04-05 15:16:11,245 - INFO - Address: пр-т Авиаконструкторов, 31к1, District: None
2025-04-05 15:16:11,248 - INFO - Параметр: Количество комнат: 1
2025-04-05 15:16:11,248 - INFO - Параметр: Общая площадь: 38.5 м²
2025-04-05 15:16:11,249 - INFO - Параметр: Площадь кухни: 10.2 м²
2025-04-05 15:16:11,249 - INFO - Параметр: Жилая площадь: 19.9 м²
2025-04-05 15:16:11,249 - INFO - Параметр: Этаж: 9 из 16
2025-04-05 15:16:11,249 - INFO - Параметр: Балкон или лоджия: лоджия
2025-04-05 15:16:11,249 - INFO - Параметр: Высота потолков: 2.7 м
2025-04-05 15:16:11,250 - INFO - Параметр: Санузел: раздельный
2025-04-05 15:16:11,250 - INFO - Параметр: Окна: на улицу
2025-04-05 15:16:11,250 - INFO - Параметр: Ремонт: косметический
2025-04-05 15:16:11,250 - INFO - Параметр: Мебель: кухня, хранение одежды, спальные места
2025-04-05 15:16:11,250 - INFO - Параметр: Способ продажи: свободная
2025-04-05 15:16:11,251 - INFO - Параметр: Тип дома: панельный
2025-04-05 15:16:11,251 - INFO - Параметр: Год постройки: 1989
2025-04-05 15:16:11,251 - INFO - Параметр: Этажей в доме: 16
2025-04-05 15:16:11,251 - INFO - Параметр: Пассажирский лифт: 1
2025-04-05 15:16:11,251 - INFO - Параметр: Грузовой лифт: 1
2025-04-05 15:16:11,252 - INFO - Параметр: В доме: мусоропровод
2025-04-05 15:16:11,252 - INFO - Параметр: Двор: детская площадка, спортивная площадка
2025-04-05 15:16:11,252 - INFO - Параметр: Парковка: открытая во дворе
2025-04-05 15:16:11,252 - INFO - Area: 38.5, Year: 1989, Balcony: лоджия, Floor: 9 из 16
2025-04-05 15:16:23,505 - INFO - Бот получил ссылку: https://www.avito.ru/sankt-peterburg/kvartiry/1-k._kvartira_364_m_1525_et._7286702899?context=H4sIAAAAAAAA_wE_AMD_YToyOntzOjEzOiJsb2NhbFByaW9yaXR5IjtiOjA7czoxOiJ4IjtzOjE2OiI0NUxDWHluSDVqaHVSZjNoIjt9L-fi-D8AAAA
2025-04-05 15:16:24,406 - INFO - Загружаю начальную страницу Avito...
2025-04-05 15:16:26,023 - INFO - ✅ Куки подставлены в браузер для Avito
2025-04-05 15:16:26,023 - INFO - Загружаю страницу: https://www.avito.ru/sankt-peterburg/kvartiry/1-k._kvartira_364_m_1525_et._7286702899?context=H4sIAAAAAAAA_wE_AMD_YToyOntzOjEzOiJsb2NhbFByaW9yaXR5IjtiOjA7czoxOiJ4IjtzOjE2OiI0NUxDWHluSDVqaHVSZjNoIjt9L-fi-D8AAAA
2025-04-05 15:16:27,422 - INFO - Страница загружена, начинаю парсинг...
2025-04-05 15:16:27,545 - INFO - Title: 1-к. квартира, 36,4 м², 15/25 эт.
2025-04-05 15:16:27,548 - INFO - Price: 8399000
2025-04-05 15:16:27,552 - INFO - Address: ул. Белышева, 5/6, District: None
2025-04-05 15:16:27,556 - INFO - Параметр: Количество комнат: 1
2025-04-05 15:16:27,556 - INFO - Параметр: Общая площадь: 36.4 м²
2025-04-05 15:16:27,557 - INFO - Параметр: Площадь кухни: 10 м²
2025-04-05 15:16:27,557 - INFO - Параметр: Жилая площадь: 16 м²
2025-04-05 15:16:27,558 - INFO - Параметр: Этаж: 15 из 25
2025-04-05 15:16:27,558 - INFO - Параметр: Балкон или лоджия: лоджия
2025-04-05 15:16:27,558 - INFO - Параметр: Высота потолков: 2.7 м
2025-04-05 15:16:27,558 - INFO - Параметр: Санузел: раздельный
2025-04-05 15:16:27,559 - INFO - Параметр: Окна: на улицу, на солнечную сторону
2025-04-05 15:16:27,559 - INFO - Параметр: Ремонт: евро
2025-04-05 15:16:27,559 - INFO - Параметр: Мебель: кухня, хранение одежды, спальные места
2025-04-05 15:16:27,559 - INFO - Параметр: Техника: холодильник, стиральная машина, посудомоечная машина
2025-04-05 15:16:27,560 - INFO - Параметр: Способ продажи: свободная
2025-04-05 15:16:27,560 - INFO - Параметр: Вид сделки: возможна ипотека
2025-04-05 15:16:27,560 - INFO - Параметр: Тип дома: монолитный
2025-04-05 15:16:27,562 - INFO - Параметр: Год постройки: 2014
2025-04-05 15:16:27,563 - INFO - Параметр: Этажей в доме: 25
2025-04-05 15:16:27,563 - INFO - Параметр: Пассажирский лифт: 1
2025-04-05 15:16:27,563 - INFO - Параметр: Грузовой лифт: 1
2025-04-05 15:16:27,564 - INFO - Параметр: В доме: консьерж, мусоропровод
2025-04-05 15:16:27,564 - INFO - Параметр: Двор: закрытая территория, детская площадка, спортивная площадка
2025-04-05 15:16:27,564 - INFO - Параметр: Парковка: за шлагбаумом во дворе
2025-04-05 15:16:27,564 - INFO - Area: 36.4, Year: 2014, Balcony: лоджия, Floor: 15 из 25
2025-04-05 15:26:04,882 - INFO - Бот получил ссылку: Т
2025-04-05 15:27:06,323 - INFO - Бот получил ссылку: https://www.avito.ru/murino/kvartiry/1-k._kvartira_35_m_1318_et._2730224058
2025-04-05 15:27:07,187 - INFO - Загружаю начальную страницу Avito...
2025-04-05 15:27:08,786 - INFO - ✅ Куки подставлены в браузер для Avito
2025-04-05 15:27:08,786 - INFO - Загружаю страницу: https://www.avito.ru/murino/kvartiry/1-k._kvartira_35_m_1318_et._2730224058
2025-04-05 15:27:09,775 - INFO - Страница загружена, начинаю парсинг...
2025-04-05 15:27:09,877 - INFO - Title: 1-к. квартира, 35 м², 13/18 эт.
2025-04-05 15:27:09,881 - INFO - Price: 6190000
2025-04-05 15:27:09,885 - INFO - Address: Ленинградская обл., Всеволожский р-н, Муринское городское поселение, Мурино, ул. Шувалова, 10/18, District: Всеволожский р-н
2025-04-05 15:27:09,889 - INFO - Параметр: Количество комнат: 1
2025-04-05 15:27:09,889 - INFO - Параметр: Общая площадь: 35 м²
2025-04-05 15:27:09,889 - INFO - Параметр: Площадь кухни: 10.1 м²
2025-04-05 15:27:09,890 - INFO - Параметр: Жилая площадь: 16.1 м²
2025-04-05 15:27:09,891 - INFO - Параметр: Этаж: 13 из 18
2025-04-05 15:27:09,891 - INFO - Параметр: Балкон или лоджия: балкон
2025-04-05 15:27:09,891 - INFO - Параметр: Высота потолков: 2.6 м
2025-04-05 15:27:09,892 - INFO - Параметр: Санузел: раздельный
2025-04-05 15:27:09,892 - INFO - Параметр: Окна: во двор
2025-04-05 15:27:09,892 - INFO - Параметр: Ремонт: евро
2025-04-05 15:27:09,893 - INFO - Параметр: Мебель: кухня
2025-04-05 15:27:09,893 - INFO - Параметр: Способ продажи: свободная
2025-04-05 15:27:09,893 - INFO - Параметр: Вид сделки: возможна ипотека
2025-04-05 15:27:09,893 - INFO - Параметр: Тип дома: монолитно-кирпичный
2025-04-05 15:27:09,894 - INFO - Параметр: Год постройки: 2016
2025-04-05 15:27:09,894 - INFO - Параметр: Этажей в доме: 18
2025-04-05 15:27:09,894 - INFO - Параметр: Пассажирский лифт: 1
2025-04-05 15:27:09,895 - INFO - Параметр: Грузовой лифт: 1
2025-04-05 15:27:09,895 - INFO - Параметр: Двор: детская площадка, спортивная площадка
2025-04-05 15:27:09,895 - INFO - Параметр: Парковка: открытая во дворе
2025-04-05 15:27:09,896 - INFO - Area: 35.0, Year: 2016, Balcony: балкон, Floor: 13 из 18
2025-04-05 15:27:32,760 - ERROR - No error handlers are registered, logging exception.
Traceback (most recent call last):
  File "C:\Python313\Lib\site-packages\telegram\ext\_application.py", line 1124, in process_update
    await coroutine
  File "C:\Python313\Lib\site-packages\telegram\ext\_handler.py", line 141, in handle_update
    return await self.callback(update, context)
           ^^^^^^^^^^^^^^^^^^^^^^^^^^^^^^^^^^^^
  File "C:\Users\ivant\OneDrive\Документы\botproject\grokcian.py", line 289, in handle_callback
    await table_command(update, context)
  File "C:\Users\ivant\OneDrive\Документы\botproject\grokcian.py", line 255, in table_command
    start_row = max(1, len(values) - 4) if "full" not in args else 1
                                           ^^^^^^^^^^^^^^^^^^
TypeError: argument of type 'NoneType' is not iterable
2025-04-05 15:27:45,814 - ERROR - No error handlers are registered, logging exception.
Traceback (most recent call last):
  File "C:\Python313\Lib\site-packages\telegram\ext\_application.py", line 1124, in process_update
    await coroutine
  File "C:\Python313\Lib\site-packages\telegram\ext\_handler.py", line 141, in handle_update
    return await self.callback(update, context)
           ^^^^^^^^^^^^^^^^^^^^^^^^^^^^^^^^^^^^
  File "C:\Users\ivant\OneDrive\Документы\botproject\grokcian.py", line 289, in handle_callback
    await table_command(update, context)
  File "C:\Users\ivant\OneDrive\Документы\botproject\grokcian.py", line 255, in table_command
    start_row = max(1, len(values) - 4) if "full" not in args else 1
                                           ^^^^^^^^^^^^^^^^^^
TypeError: argument of type 'NoneType' is not iterable
2025-04-05 15:27:46,854 - ERROR - No error handlers are registered, logging exception.
Traceback (most recent call last):
  File "C:\Python313\Lib\site-packages\telegram\ext\_application.py", line 1124, in process_update
    await coroutine
  File "C:\Python313\Lib\site-packages\telegram\ext\_handler.py", line 141, in handle_update
    return await self.callback(update, context)
           ^^^^^^^^^^^^^^^^^^^^^^^^^^^^^^^^^^^^
  File "C:\Users\ivant\OneDrive\Документы\botproject\grokcian.py", line 289, in handle_callback
    await table_command(update, context)
  File "C:\Users\ivant\OneDrive\Документы\botproject\grokcian.py", line 255, in table_command
    start_row = max(1, len(values) - 4) if "full" not in args else 1
                                           ^^^^^^^^^^^^^^^^^^
TypeError: argument of type 'NoneType' is not iterable
2025-04-05 15:41:41,312 - ERROR - No error handlers are registered, logging exception.
Traceback (most recent call last):
  File "C:\Python313\Lib\site-packages\telegram\ext\_application.py", line 1124, in process_update
    await coroutine
  File "C:\Python313\Lib\site-packages\telegram\ext\_handler.py", line 141, in handle_update
    return await self.callback(update, context)
           ^^^^^^^^^^^^^^^^^^^^^^^^^^^^^^^^^^^^
  File "C:\Users\ivant\OneDrive\Документы\botproject\grokcian.py", line 289, in handle_callback
    await table_command(update, context)
  File "C:\Users\ivant\OneDrive\Документы\botproject\grokcian.py", line 255, in table_command
    start_row = max(1, len(values) - 4) if "full" not in args else 1
                                           ^^^^^^^^^^^^^^^^^^
TypeError: argument of type 'NoneType' is not iterable
2025-04-05 15:41:41,967 - ERROR - No error handlers are registered, logging exception.
Traceback (most recent call last):
  File "C:\Python313\Lib\site-packages\telegram\ext\_application.py", line 1124, in process_update
    await coroutine
  File "C:\Python313\Lib\site-packages\telegram\ext\_handler.py", line 141, in handle_update
    return await self.callback(update, context)
           ^^^^^^^^^^^^^^^^^^^^^^^^^^^^^^^^^^^^
  File "C:\Users\ivant\OneDrive\Документы\botproject\grokcian.py", line 289, in handle_callback
    await table_command(update, context)
  File "C:\Users\ivant\OneDrive\Документы\botproject\grokcian.py", line 255, in table_command
    start_row = max(1, len(values) - 4) if "full" not in args else 1
                                           ^^^^^^^^^^^^^^^^^^
TypeError: argument of type 'NoneType' is not iterable
2025-04-05 15:50:25,693 - INFO - Бот получил ссылку: https://www.avito.ru/kudrovo/kvartiry/2-k._kvartira_64_m_1425_et._2915178290
2025-04-05 15:50:26,549 - INFO - Загружаю начальную страницу Avito...
2025-04-05 15:50:35,888 - INFO - ✅ Куки подставлены в браузер для Avito
2025-04-05 15:50:35,888 - INFO - Загружаю страницу: https://www.avito.ru/kudrovo/kvartiry/2-k._kvartira_64_m_1425_et._2915178290
2025-04-05 15:50:36,857 - INFO - Страница загружена, начинаю парсинг...
2025-04-05 15:50:36,975 - INFO - Title: 2-к. квартира, 64 м², 14/25 эт.
2025-04-05 15:50:36,978 - INFO - Price: 15990000
2025-04-05 15:50:36,985 - INFO - Address: Ленинградская обл., Всеволожский р-н, Заневское городское поселение, Кудрово, Областная ул., 3, District: Всеволожский р-н
2025-04-05 15:50:36,989 - INFO - Параметр: Количество комнат: 2
2025-04-05 15:50:36,990 - INFO - Параметр: Общая площадь: 64 м²
2025-04-05 15:50:36,990 - INFO - Параметр: Площадь кухни: 12 м²
2025-04-05 15:50:36,990 - INFO - Параметр: Жилая площадь: 35 м²
2025-04-05 15:50:36,991 - INFO - Параметр: Этаж: 14 из 25
2025-04-05 15:50:36,992 - INFO - Параметр: Балкон или лоджия: лоджия
2025-04-05 15:50:36,992 - INFO - Параметр: Дополнительно: гардеробная
2025-04-05 15:50:36,992 - INFO - Параметр: Тип комнат: изолированные
2025-04-05 15:50:36,993 - INFO - Параметр: Высота потолков: 2.8 м
2025-04-05 15:50:36,993 - INFO - Параметр: Санузел: раздельный
2025-04-05 15:50:36,993 - INFO - Параметр: Окна: на улицу, на солнечную сторону
2025-04-05 15:50:36,994 - INFO - Параметр: Ремонт: дизайнерский
2025-04-05 15:50:36,996 - INFO - Параметр: Тёплый пол: есть
2025-04-05 15:50:36,997 - INFO - Параметр: Мебель: кухня, хранение одежды, спальные места
2025-04-05 15:50:36,998 - INFO - Параметр: Техника: холодильник, стиральная машина, посудомоечная машина
2025-04-05 15:50:36,999 - INFO - Параметр: Способ продажи: свободная
2025-04-05 15:50:36,999 - INFO - Параметр: Вид сделки: возможна ипотека
2025-04-05 15:50:36,999 - INFO - Параметр: Тип дома: монолитно-кирпичный
2025-04-05 15:50:36,999 - INFO - Параметр: Год постройки: 2019
2025-04-05 15:50:37,000 - INFO - Параметр: Этажей в доме: 25
2025-04-05 15:50:37,000 - INFO - Параметр: Пассажирский лифт: 1
2025-04-05 15:50:37,000 - INFO - Параметр: Грузовой лифт: 2
2025-04-05 15:50:37,001 - INFO - Параметр: В доме: консьерж, мусоропровод
2025-04-05 15:50:37,001 - INFO - Параметр: Двор: закрытая территория, детская площадка, спортивная площадка
2025-04-05 15:50:37,001 - INFO - Параметр: Парковка: открытая во дворе, за шлагбаумом во дворе
2025-04-05 15:50:37,001 - INFO - Area: 64.0, Year: 2019, Balcony: лоджия, Floor: 14 из 25
2025-04-05 16:19:29,148 - INFO - Бот получил ссылку: https://www.cian.ru/sale/flat/315188626
2025-04-05 16:19:30,056 - INFO - Загружаю начальную страницу ЦИАН...
2025-04-05 16:19:39,440 - INFO - ✅ Куки подставлены в браузер
2025-04-05 16:19:39,440 - INFO - Загружаю страницу: https://www.cian.ru/sale/flat/315188626
2025-04-05 16:19:42,869 - INFO - Страница загружена, начинаю парсинг...
2025-04-05 16:33:58,639 - ERROR - Error while getting Updates: httpx.ConnectError: All connection attempts failed
2025-04-05 16:33:58,649 - ERROR - No error handlers are registered, logging exception.
Traceback (most recent call last):
  File "C:\Python313\Lib\site-packages\anyio\_core\_sockets.py", line 175, in try_connect
    stream = await asynclib.connect_tcp(remote_host, remote_port, local_address)
             ^^^^^^^^^^^^^^^^^^^^^^^^^^^^^^^^^^^^^^^^^^^^^^^^^^^^^^^^^^^^^^^^^^^
  File "C:\Python313\Lib\site-packages\anyio\_backends\_asyncio.py", line 2590, in connect_tcp
    await get_running_loop().create_connection(
    ^^^^^^^^^^^^^^^^^^^^^^^^^^^^^^^^^^^^^^^^^^^
        StreamProtocol, host, port, local_addr=local_address
        ^^^^^^^^^^^^^^^^^^^^^^^^^^^^^^^^^^^^^^^^^^^^^^^^^^^^
    ),
    ^
  File "C:\Python313\Lib\asyncio\base_events.py", line 1161, in create_connection
    raise exceptions[0]
  File "C:\Python313\Lib\asyncio\base_events.py", line 1136, in create_connection
    sock = await self._connect_sock(
           ^^^^^^^^^^^^^^^^^^^^^^^^^
        exceptions, addrinfo, laddr_infos)
        ^^^^^^^^^^^^^^^^^^^^^^^^^^^^^^^^^^
  File "C:\Python313\Lib\asyncio\base_events.py", line 1039, in _connect_sock
    await self.sock_connect(sock, address)
  File "C:\Python313\Lib\asyncio\proactor_events.py", line 726, in sock_connect
    return await self._proactor.connect(sock, address)
           ^^^^^^^^^^^^^^^^^^^^^^^^^^^^^^^^^^^^^^^^^^^
  File "C:\Python313\Lib\asyncio\windows_events.py", line 804, in _poll
    value = callback(transferred, key, ov)
  File "C:\Python313\Lib\asyncio\windows_events.py", line 600, in finish_connect
    ov.getresult()
    ~~~~~~~~~~~~^^
ConnectionAbortedError: [WinError 1236] Подключение к сети было разорвано локальной системой

The above exception was the direct cause of the following exception:

Traceback (most recent call last):
  File "C:\Python313\Lib\site-packages\httpcore\_exceptions.py", line 10, in map_exceptions
    yield
  File "C:\Python313\Lib\site-packages\httpcore\_backends\anyio.py", line 114, in connect_tcp
    stream: anyio.abc.ByteStream = await anyio.connect_tcp(
                                   ^^^^^^^^^^^^^^^^^^^^^^^^
    ...<3 lines>...
    )
    ^
  File "C:\Python313\Lib\site-packages\anyio\_core\_sockets.py", line 241, in connect_tcp
    raise OSError("All connection attempts failed") from cause
OSError: All connection attempts failed

The above exception was the direct cause of the following exception:

Traceback (most recent call last):
  File "C:\Python313\Lib\site-packages\httpx\_transports\default.py", line 60, in map_httpcore_exceptions
    yield
  File "C:\Python313\Lib\site-packages\httpx\_transports\default.py", line 353, in handle_async_request
    resp = await self._pool.handle_async_request(req)
           ^^^^^^^^^^^^^^^^^^^^^^^^^^^^^^^^^^^^^^^^^^
  File "C:\Python313\Lib\site-packages\httpcore\_async\connection_pool.py", line 262, in handle_async_request
    raise exc
  File "C:\Python313\Lib\site-packages\httpcore\_async\connection_pool.py", line 245, in handle_async_request
    response = await connection.handle_async_request(request)
               ^^^^^^^^^^^^^^^^^^^^^^^^^^^^^^^^^^^^^^^^^^^^^^
  File "C:\Python313\Lib\site-packages\httpcore\_async\connection.py", line 92, in handle_async_request
    raise exc
  File "C:\Python313\Lib\site-packages\httpcore\_async\connection.py", line 69, in handle_async_request
    stream = await self._connect(request)
             ^^^^^^^^^^^^^^^^^^^^^^^^^^^^
  File "C:\Python313\Lib\site-packages\httpcore\_async\connection.py", line 117, in _connect
    stream = await self._network_backend.connect_tcp(**kwargs)
             ^^^^^^^^^^^^^^^^^^^^^^^^^^^^^^^^^^^^^^^^^^^^^^^^^
  File "C:\Python313\Lib\site-packages\httpcore\_backends\auto.py", line 31, in connect_tcp
    return await self._backend.connect_tcp(
           ^^^^^^^^^^^^^^^^^^^^^^^^^^^^^^^^
    ...<5 lines>...
    )
    ^
  File "C:\Python313\Lib\site-packages\httpcore\_backends\anyio.py", line 112, in connect_tcp
    with map_exceptions(exc_map):
         ~~~~~~~~~~~~~~^^^^^^^^^
  File "C:\Python313\Lib\contextlib.py", line 162, in __exit__
    self.gen.throw(value)
    ~~~~~~~~~~~~~~^^^^^^^
  File "C:\Python313\Lib\site-packages\httpcore\_exceptions.py", line 14, in map_exceptions
    raise to_exc(exc) from exc
httpcore.ConnectError: All connection attempts failed

The above exception was the direct cause of the following exception:

Traceback (most recent call last):
  File "C:\Python313\Lib\site-packages\telegram\request\_httpxrequest.py", line 216, in do_request
    res = await self._client.request(
          ^^^^^^^^^^^^^^^^^^^^^^^^^^^
    ...<6 lines>...
    )
    ^
  File "C:\Python313\Lib\site-packages\httpx\_client.py", line 1530, in request
    return await self.send(request, auth=auth, follow_redirects=follow_redirects)
           ^^^^^^^^^^^^^^^^^^^^^^^^^^^^^^^^^^^^^^^^^^^^^^^^^^^^^^^^^^^^^^^^^^^^^^
  File "C:\Python313\Lib\site-packages\httpx\_client.py", line 1617, in send
    response = await self._send_handling_auth(
               ^^^^^^^^^^^^^^^^^^^^^^^^^^^^^^^
    ...<4 lines>...
    )
    ^
  File "C:\Python313\Lib\site-packages\httpx\_client.py", line 1645, in _send_handling_auth
    response = await self._send_handling_redirects(
               ^^^^^^^^^^^^^^^^^^^^^^^^^^^^^^^^^^^^
    ...<3 lines>...
    )
    ^
  File "C:\Python313\Lib\site-packages\httpx\_client.py", line 1682, in _send_handling_redirects
    response = await self._send_single_request(request)
               ^^^^^^^^^^^^^^^^^^^^^^^^^^^^^^^^^^^^^^^^
  File "C:\Python313\Lib\site-packages\httpx\_client.py", line 1719, in _send_single_request
    response = await transport.handle_async_request(request)
               ^^^^^^^^^^^^^^^^^^^^^^^^^^^^^^^^^^^^^^^^^^^^^
  File "C:\Python313\Lib\site-packages\httpx\_transports\default.py", line 352, in handle_async_request
    with map_httpcore_exceptions():
         ~~~~~~~~~~~~~~~~~~~~~~~^^
  File "C:\Python313\Lib\contextlib.py", line 162, in __exit__
    self.gen.throw(value)
    ~~~~~~~~~~~~~~^^^^^^^
  File "C:\Python313\Lib\site-packages\httpx\_transports\default.py", line 77, in map_httpcore_exceptions
    raise mapped_exc(message) from exc
httpx.ConnectError: All connection attempts failed

The above exception was the direct cause of the following exception:

Traceback (most recent call last):
  File "C:\Python313\Lib\site-packages\telegram\ext\_updater.py", line 607, in _network_loop_retry
    if not await action_cb():
           ^^^^^^^^^^^^^^^^^
  File "C:\Python313\Lib\site-packages\telegram\ext\_updater.py", line 335, in polling_action_cb
    raise exc
  File "C:\Python313\Lib\site-packages\telegram\ext\_updater.py", line 320, in polling_action_cb
    updates = await self.bot.get_updates(
              ^^^^^^^^^^^^^^^^^^^^^^^^^^^
    ...<7 lines>...
    )
    ^
  File "C:\Python313\Lib\site-packages\telegram\ext\_extbot.py", line 543, in get_updates
    updates = await super().get_updates(
              ^^^^^^^^^^^^^^^^^^^^^^^^^^
    ...<9 lines>...
    )
    ^
  File "C:\Python313\Lib\site-packages\telegram\_bot.py", line 381, in decorator
    result = await func(self, *args, **kwargs)  # skipcq: PYL-E1102
             ^^^^^^^^^^^^^^^^^^^^^^^^^^^^^^^^^
  File "C:\Python313\Lib\site-packages\telegram\_bot.py", line 3661, in get_updates
    await self._post(
    ^^^^^^^^^^^^^^^^^
    ...<7 lines>...
    ),
    ^
  File "C:\Python313\Lib\site-packages\telegram\_bot.py", line 469, in _post
    return await self._do_post(
           ^^^^^^^^^^^^^^^^^^^^
    ...<6 lines>...
    )
    ^
  File "C:\Python313\Lib\site-packages\telegram\ext\_extbot.py", line 325, in _do_post
    return await super()._do_post(
           ^^^^^^^^^^^^^^^^^^^^^^^
    ...<6 lines>...
    )
    ^
  File "C:\Python313\Lib\site-packages\telegram\_bot.py", line 497, in _do_post
    return await request.post(
           ^^^^^^^^^^^^^^^^^^^
    ...<6 lines>...
    )
    ^
  File "C:\Python313\Lib\site-packages\telegram\request\_baserequest.py", line 168, in post
    result = await self._request_wrapper(
             ^^^^^^^^^^^^^^^^^^^^^^^^^^^^
    ...<7 lines>...
    )
    ^
  File "C:\Python313\Lib\site-packages\telegram\request\_baserequest.py", line 291, in _request_wrapper
    raise exc
  File "C:\Python313\Lib\site-packages\telegram\request\_baserequest.py", line 277, in _request_wrapper
    code, payload = await self.do_request(
                    ^^^^^^^^^^^^^^^^^^^^^^
    ...<7 lines>...
    )
    ^
  File "C:\Python313\Lib\site-packages\telegram\request\_httpxrequest.py", line 240, in do_request
    raise NetworkError(f"httpx.{err.__class__.__name__}: {err}") from err
telegram.error.NetworkError: httpx.ConnectError: All connection attempts failed
2025-04-05 21:13:30,813 - INFO - Application is stopping. This might take a moment.
2025-04-05 21:13:30,813 - INFO - Application.stop() complete
2025-04-05 21:13:30,816 - INFO - Бот завершил работу (это не должно произойти в норме)
2025-04-05 21:13:54,285 - INFO - 🔥 Логгер инициализирован успешно. Лог-файл: C:\Users\ivant\OneDrive\Документы\botproject\bot.log
2025-04-05 21:14:05,535 - INFO - Бот запущен и готов к работе!
2025-04-05 21:14:05,877 - INFO - Application started
2025-04-05 21:14:38,024 - INFO - Бот получил ссылку: https://www.avito.ru/sankt-peterburg/kvartiry/1-k._kvartira_385_m_916_et._7263550267?context=H4sIAAAAAAAA_wE_AMD_YToyOntzOjEzOiJsb2NhbFByaW9yaXR5IjtiOjA7czoxOiJ4IjtzOjE2OiI0NUxDWHluSDVqaHVSZjNoIjt9L-fi-D8AAAA
2025-04-05 21:14:41,699 - INFO - Загружаю начальную страницу Avito...
2025-04-05 21:14:51,078 - INFO - ✅ Куки подставлены в браузер для Avito
2025-04-05 21:14:51,078 - INFO - Загружаю страницу: https://www.avito.ru/sankt-peterburg/kvartiry/1-k._kvartira_385_m_916_et._7263550267?context=H4sIAAAAAAAA_wE_AMD_YToyOntzOjEzOiJsb2NhbFByaW9yaXR5IjtiOjA7czoxOiJ4IjtzOjE2OiI0NUxDWHluSDVqaHVSZjNoIjt9L-fi-D8AAAA
2025-04-05 21:14:52,441 - INFO - Страница загружена, начинаю парсинг...
2025-04-05 21:14:52,764 - INFO - Title: 1-к. квартира, 38,5 м², 9/16 эт.
2025-04-05 21:14:52,769 - INFO - Price: 6500000
2025-04-05 21:14:52,774 - INFO - Address: пр-т Авиаконструкторов, 31к1, District: None
2025-04-05 21:14:52,777 - INFO - Параметр: Количество комнат: 1
2025-04-05 21:14:52,778 - INFO - Параметр: Общая площадь: 38.5 м²
2025-04-05 21:14:52,779 - INFO - Параметр: Площадь кухни: 10.2 м²
2025-04-05 21:14:52,779 - INFO - Параметр: Жилая площадь: 19.9 м²
2025-04-05 21:14:52,779 - INFO - Параметр: Этаж: 9 из 16
2025-04-05 21:14:52,780 - INFO - Параметр: Балкон или лоджия: лоджия
2025-04-05 21:14:52,780 - INFO - Параметр: Высота потолков: 2.7 м
2025-04-05 21:14:52,781 - INFO - Параметр: Санузел: раздельный
2025-04-05 21:14:52,781 - INFO - Параметр: Окна: на улицу
2025-04-05 21:14:52,781 - INFO - Параметр: Ремонт: косметический
2025-04-05 21:14:52,783 - INFO - Параметр: Мебель: кухня, хранение одежды, спальные места
2025-04-05 21:14:52,783 - INFO - Параметр: Способ продажи: свободная
2025-04-05 21:14:52,783 - INFO - Параметр: Тип дома: панельный
2025-04-05 21:14:52,784 - INFO - Параметр: Год постройки: 1989
2025-04-05 21:14:52,784 - INFO - Параметр: Этажей в доме: 16
2025-04-05 21:14:52,785 - INFO - Параметр: Пассажирский лифт: 1
2025-04-05 21:14:52,785 - INFO - Параметр: Грузовой лифт: 1
2025-04-05 21:14:52,785 - INFO - Параметр: В доме: мусоропровод
2025-04-05 21:14:52,785 - INFO - Параметр: Двор: детская площадка, спортивная площадка
2025-04-05 21:14:52,786 - INFO - Параметр: Парковка: открытая во дворе
2025-04-05 21:14:52,786 - INFO - Area: 38.5, Year: 1989, Balcony: лоджия, Floor: 9 из 16
2025-04-05 21:15:52,535 - ERROR - No error handlers are registered, logging exception.
Traceback (most recent call last):
  File "C:\Python313\Lib\site-packages\telegram\ext\_application.py", line 1124, in process_update
    await coroutine
  File "C:\Python313\Lib\site-packages\telegram\ext\_handler.py", line 141, in handle_update
    return await self.callback(update, context)
           ^^^^^^^^^^^^^^^^^^^^^^^^^^^^^^^^^^^^
  File "C:\Users\ivant\OneDrive\Документы\botproject\grokcian.py", line 312, in handle_callback
    await table_command(update, context)
  File "C:\Users\ivant\OneDrive\Документы\botproject\grokcian.py", line 278, in table_command
    start_row = max(1, len(values) - 4) if "full" not in args else 1
                                           ^^^^^^^^^^^^^^^^^^
TypeError: argument of type 'NoneType' is not iterable
2025-04-05 21:15:57,829 - INFO - Бот получил ссылку: https://www.avito.ru/sankt-peterburg/kvartiry/1-k._kvartira_282_m_910_et._4686489500?context=H4sIAAAAAAAA_wE_AMD_YToyOntzOjEzOiJsb2NhbFByaW9yaXR5IjtiOjA7czoxOiJ4IjtzOjE2OiI0NUxDWHluSDVqaHVSZjNoIjt9L-fi-D8AAAA
2025-04-05 21:15:58,680 - INFO - Загружаю начальную страницу Avito...
2025-04-05 21:16:00,066 - INFO - ✅ Куки подставлены в браузер для Avito
2025-04-05 21:16:00,067 - INFO - Загружаю страницу: https://www.avito.ru/sankt-peterburg/kvartiry/1-k._kvartira_282_m_910_et._4686489500?context=H4sIAAAAAAAA_wE_AMD_YToyOntzOjEzOiJsb2NhbFByaW9yaXR5IjtiOjA7czoxOiJ4IjtzOjE2OiI0NUxDWHluSDVqaHVSZjNoIjt9L-fi-D8AAAA
2025-04-05 21:16:01,549 - INFO - Страница загружена, начинаю парсинг...
2025-04-05 21:16:01,686 - INFO - Title: 1-к. квартира, 28,2 м², 9/10 эт.
2025-04-05 21:16:01,689 - INFO - Price: 4980000
2025-04-05 21:16:01,696 - INFO - Address: Петергофское ш., 21к3, District: None
2025-04-05 21:16:01,699 - INFO - Параметр: Количество комнат: 1
2025-04-05 21:16:01,699 - INFO - Параметр: Общая площадь: 28.2 м²
2025-04-05 21:16:01,699 - INFO - Параметр: Площадь кухни: 6.1 м²
2025-04-05 21:16:01,700 - INFO - Параметр: Жилая площадь: 15.4 м²
2025-04-05 21:16:01,700 - INFO - Параметр: Этаж: 9 из 10
2025-04-05 21:16:01,700 - INFO - Параметр: Балкон или лоджия: лоджия
2025-04-05 21:16:01,701 - INFO - Параметр: Высота потолков: 2.8 м
2025-04-05 21:16:01,701 - INFO - Параметр: Санузел: раздельный
2025-04-05 21:16:01,701 - INFO - Параметр: Окна: на улицу
2025-04-05 21:16:01,702 - INFO - Параметр: Ремонт: требует ремонта
2025-04-05 21:16:01,702 - INFO - Параметр: Техника: холодильник, стиральная машина
2025-04-05 21:16:01,702 - INFO - Параметр: Способ продажи: свободная
2025-04-05 21:16:01,702 - INFO - Параметр: Тип дома: панельный
2025-04-05 21:16:01,702 - INFO - Параметр: Этажей в доме: 10
2025-04-05 21:16:01,703 - INFO - Параметр: Пассажирский лифт: 1
2025-04-05 21:16:01,703 - INFO - Параметр: В доме: мусоропровод
2025-04-05 21:16:01,703 - INFO - Параметр: Парковка: открытая во дворе
2025-04-05 21:16:01,704 - INFO - Area: 28.2, Year: None, Balcony: лоджия, Floor: 9 из 10
2025-04-05 21:16:08,116 - ERROR - No error handlers are registered, logging exception.
Traceback (most recent call last):
  File "C:\Python313\Lib\site-packages\telegram\ext\_application.py", line 1124, in process_update
    await coroutine
  File "C:\Python313\Lib\site-packages\telegram\ext\_handler.py", line 141, in handle_update
    return await self.callback(update, context)
           ^^^^^^^^^^^^^^^^^^^^^^^^^^^^^^^^^^^^
  File "C:\Users\ivant\OneDrive\Документы\botproject\grokcian.py", line 312, in handle_callback
    await table_command(update, context)
  File "C:\Users\ivant\OneDrive\Документы\botproject\grokcian.py", line 278, in table_command
    start_row = max(1, len(values) - 4) if "full" not in args else 1
                                           ^^^^^^^^^^^^^^^^^^
TypeError: argument of type 'NoneType' is not iterable
2025-04-05 21:16:34,959 - ERROR - No error handlers are registered, logging exception.
Traceback (most recent call last):
  File "C:\Python313\Lib\site-packages\telegram\ext\_application.py", line 1124, in process_update
    await coroutine
  File "C:\Python313\Lib\site-packages\telegram\ext\_handler.py", line 141, in handle_update
    return await self.callback(update, context)
           ^^^^^^^^^^^^^^^^^^^^^^^^^^^^^^^^^^^^
  File "C:\Users\ivant\OneDrive\Документы\botproject\grokcian.py", line 312, in handle_callback
    await table_command(update, context)
  File "C:\Users\ivant\OneDrive\Документы\botproject\grokcian.py", line 278, in table_command
    start_row = max(1, len(values) - 4) if "full" not in args else 1
                                           ^^^^^^^^^^^^^^^^^^
TypeError: argument of type 'NoneType' is not iterable
2025-04-05 22:12:11,050 - ERROR - Error while getting Updates: Conflict: terminated by other getUpdates request; make sure that only one bot instance is running
2025-04-05 22:12:11,051 - ERROR - No error handlers are registered, logging exception.
Traceback (most recent call last):
  File "C:\Python313\Lib\site-packages\telegram\ext\_updater.py", line 607, in _network_loop_retry
    if not await action_cb():
           ^^^^^^^^^^^^^^^^^
  File "C:\Python313\Lib\site-packages\telegram\ext\_updater.py", line 335, in polling_action_cb
    raise exc
  File "C:\Python313\Lib\site-packages\telegram\ext\_updater.py", line 320, in polling_action_cb
    updates = await self.bot.get_updates(
              ^^^^^^^^^^^^^^^^^^^^^^^^^^^
    ...<7 lines>...
    )
    ^
  File "C:\Python313\Lib\site-packages\telegram\ext\_extbot.py", line 543, in get_updates
    updates = await super().get_updates(
              ^^^^^^^^^^^^^^^^^^^^^^^^^^
    ...<9 lines>...
    )
    ^
  File "C:\Python313\Lib\site-packages\telegram\_bot.py", line 381, in decorator
    result = await func(self, *args, **kwargs)  # skipcq: PYL-E1102
             ^^^^^^^^^^^^^^^^^^^^^^^^^^^^^^^^^
  File "C:\Python313\Lib\site-packages\telegram\_bot.py", line 3661, in get_updates
    await self._post(
    ^^^^^^^^^^^^^^^^^
    ...<7 lines>...
    ),
    ^
  File "C:\Python313\Lib\site-packages\telegram\_bot.py", line 469, in _post
    return await self._do_post(
           ^^^^^^^^^^^^^^^^^^^^
    ...<6 lines>...
    )
    ^
  File "C:\Python313\Lib\site-packages\telegram\ext\_extbot.py", line 325, in _do_post
    return await super()._do_post(
           ^^^^^^^^^^^^^^^^^^^^^^^
    ...<6 lines>...
    )
    ^
  File "C:\Python313\Lib\site-packages\telegram\_bot.py", line 497, in _do_post
    return await request.post(
           ^^^^^^^^^^^^^^^^^^^
    ...<6 lines>...
    )
    ^
  File "C:\Python313\Lib\site-packages\telegram\request\_baserequest.py", line 168, in post
    result = await self._request_wrapper(
             ^^^^^^^^^^^^^^^^^^^^^^^^^^^^
    ...<7 lines>...
    )
    ^
  File "C:\Python313\Lib\site-packages\telegram\request\_baserequest.py", line 330, in _request_wrapper
    raise Conflict(message)
telegram.error.Conflict: Conflict: terminated by other getUpdates request; make sure that only one bot instance is running
2025-04-05 22:12:16,234 - ERROR - Error while getting Updates: Conflict: terminated by other getUpdates request; make sure that only one bot instance is running
2025-04-05 22:12:16,677 - ERROR - No error handlers are registered, logging exception.
Traceback (most recent call last):
  File "C:\Python313\Lib\site-packages\telegram\ext\_updater.py", line 607, in _network_loop_retry
    if not await action_cb():
           ^^^^^^^^^^^^^^^^^
  File "C:\Python313\Lib\site-packages\telegram\ext\_updater.py", line 335, in polling_action_cb
    raise exc
  File "C:\Python313\Lib\site-packages\telegram\ext\_updater.py", line 320, in polling_action_cb
    updates = await self.bot.get_updates(
              ^^^^^^^^^^^^^^^^^^^^^^^^^^^
    ...<7 lines>...
    )
    ^
  File "C:\Python313\Lib\site-packages\telegram\ext\_extbot.py", line 543, in get_updates
    updates = await super().get_updates(
              ^^^^^^^^^^^^^^^^^^^^^^^^^^
    ...<9 lines>...
    )
    ^
  File "C:\Python313\Lib\site-packages\telegram\_bot.py", line 381, in decorator
    result = await func(self, *args, **kwargs)  # skipcq: PYL-E1102
             ^^^^^^^^^^^^^^^^^^^^^^^^^^^^^^^^^
  File "C:\Python313\Lib\site-packages\telegram\_bot.py", line 3661, in get_updates
    await self._post(
    ^^^^^^^^^^^^^^^^^
    ...<7 lines>...
    ),
    ^
  File "C:\Python313\Lib\site-packages\telegram\_bot.py", line 469, in _post
    return await self._do_post(
           ^^^^^^^^^^^^^^^^^^^^
    ...<6 lines>...
    )
    ^
  File "C:\Python313\Lib\site-packages\telegram\ext\_extbot.py", line 325, in _do_post
    return await super()._do_post(
           ^^^^^^^^^^^^^^^^^^^^^^^
    ...<6 lines>...
    )
    ^
  File "C:\Python313\Lib\site-packages\telegram\_bot.py", line 497, in _do_post
    return await request.post(
           ^^^^^^^^^^^^^^^^^^^
    ...<6 lines>...
    )
    ^
  File "C:\Python313\Lib\site-packages\telegram\request\_baserequest.py", line 168, in post
    result = await self._request_wrapper(
             ^^^^^^^^^^^^^^^^^^^^^^^^^^^^
    ...<7 lines>...
    )
    ^
  File "C:\Python313\Lib\site-packages\telegram\request\_baserequest.py", line 330, in _request_wrapper
    raise Conflict(message)
telegram.error.Conflict: Conflict: terminated by other getUpdates request; make sure that only one bot instance is running
2025-04-05 22:12:19,661 - INFO - Application is stopping. This might take a moment.
2025-04-05 22:12:19,662 - INFO - Application.stop() complete
2025-04-05 22:12:19,663 - INFO - Бот завершил работу (это не должно произойти в норме)
